<?xml version="1.0" encoding="UTF-8"?>
<!-- Generated by org.testng.reporters.JUnitReportReporter -->
<testsuite skipped="0" hostname="2K2C5M2" name="yasf.BasicIT" tests="2" failures="0" timestamp="17 May 2019 18:57:01 GMT" time="14.695" errors="0">
  <testcase name="googleCheeseExample" time="11.297" classname="yasf.BasicIT"/>
  <testcase name="googleMilkExample" time="3.398" classname="yasf.BasicIT"/>
</testsuite> <!-- yasf.BasicIT -->
