<?xml version="1.0" encoding="UTF-8"?>
<!-- Generated by org.testng.reporters.JUnitReportReporter -->
<testsuite skipped="0" hostname="2K2C5M2" name="yasf.BasicIT" tests="2" failures="0" timestamp="15 May 2019 00:18:41 GMT" time="15.244" errors="0">
  <testcase name="googleCheeseExample" time="7.657" classname="yasf.BasicIT"/>
  <testcase name="googleMilkExample" time="7.587" classname="yasf.BasicIT"/>
</testsuite> <!-- yasf.BasicIT -->
