<?xml version="1.0" encoding="UTF-8"?>
<!-- Generated by org.testng.reporters.JUnitReportReporter -->
<testsuite skipped="0" hostname="2K2C5M2" name="yasf.BasicIT" tests="2" failures="0" timestamp="14 May 2019 23:39:00 GMT" time="27.173" errors="0">
  <testcase name="googleMilkExample" time="13.630" classname="yasf.BasicIT"/>
  <testcase name="googleCheeseExample" time="13.543" classname="yasf.BasicIT"/>
</testsuite> <!-- yasf.BasicIT -->
